<?xml version="1.0" encoding="UTF-8"?>
<robot generator="Robot 6.0.1 (Python 3.11.1 on win32)" generated="20230113 12:29:56.615" rpa="false" schemaversion="3">
<suite id="s1" name="testSuite" source="D:\robot_framework\test\testSuite.robot">
<kw name="Log" library="BuiltIn" type="SETUP">
<arg>Test suite setup</arg>
<doc>Logs the given message with the given level.</doc>
<msg timestamp="20230113 12:29:56.802" level="INFO">Test suite setup</msg>
<status status="PASS" starttime="20230113 12:29:56.802" endtime="20230113 12:29:56.802"/>
</kw>
<test id="s1-t1" name="Invalid login to application" line="29">
<kw name="Log" library="BuiltIn" type="SETUP">
<arg>test setup</arg>
<doc>Logs the given message with the given level.</doc>
<msg timestamp="20230113 12:29:56.803" level="INFO">test setup</msg>
<status status="PASS" starttime="20230113 12:29:56.803" endtime="20230113 12:29:56.803"/>
</kw>
<kw name="Launch Browser">
<kw name="Open Browser" library="SeleniumLibrary">
<arg>${URL}</arg>
<arg>chrome</arg>
<doc>Opens a new browser instance to the optional ``url``.</doc>
<msg timestamp="20230113 12:29:56.804" level="INFO">Opening browser 'chrome' to base url 'https://opensource-demo.orangehrmlive.com/web/index.php/auth/login'.</msg>
<status status="PASS" starttime="20230113 12:29:56.804" endtime="20230113 12:30:00.699"/>
</kw>
<kw name="Set Browser Implicit Wait" library="SeleniumLibrary">
<arg>10</arg>
<doc>Sets the implicit wait value used by Selenium.</doc>
<status status="PASS" starttime="20230113 12:30:00.699" endtime="20230113 12:30:00.701"/>
</kw>
<status status="PASS" starttime="20230113 12:29:56.804" endtime="20230113 12:30:00.701"/>
</kw>
<kw name="Invalid user Login">
<kw name="Input Text" library="SeleniumLibrary">
<arg>name=username</arg>
<arg>${LoginCreds}[username]</arg>
<doc>Types the given ``text`` into the text field identified by ``locator``.</doc>
<msg timestamp="20230113 12:30:00.703" level="INFO">Typing text 'Admin' into text field 'name=username'.</msg>
<status status="PASS" starttime="20230113 12:30:00.703" endtime="20230113 12:30:01.148"/>
</kw>
<kw name="Input Text" library="SeleniumLibrary">
<arg>name=password</arg>
<arg>${LoginCreds}[password]</arg>
<doc>Types the given ``text`` into the text field identified by ``locator``.</doc>
<msg timestamp="20230113 12:30:01.149" level="INFO">Typing text 'Invalid' into text field 'name=password'.</msg>
<status status="PASS" starttime="20230113 12:30:01.148" endtime="20230113 12:30:01.224"/>
</kw>
<kw name="Click Button" library="SeleniumLibrary">
<arg>css:button[type=submit]</arg>
<doc>Clicks the button identified by ``locator``.</doc>
<msg timestamp="20230113 12:30:01.224" level="INFO">Clicking button 'css:button[type=submit]'.</msg>
<status status="PASS" starttime="20230113 12:30:01.224" endtime="20230113 12:30:01.309"/>
</kw>
<status status="PASS" starttime="20230113 12:30:00.703" endtime="20230113 12:30:01.309"/>
</kw>
<kw name="Element Should Be Visible" library="SeleniumLibrary">
<arg>xpath://p[text()="Invalid credentials"]</arg>
<doc>Verifies that the element identified by ``locator`` is visible.</doc>
<msg timestamp="20230113 12:30:02.783" level="INFO">Element 'xpath://p[text()="Invalid credentials"]' is displayed.</msg>
<status status="PASS" starttime="20230113 12:30:01.309" endtime="20230113 12:30:02.783"/>
</kw>
<kw name="Close Browser" library="SeleniumLibrary">
<doc>Closes the current browser.</doc>
<status status="PASS" starttime="20230113 12:30:02.783" endtime="20230113 12:30:04.888"/>
</kw>
<kw name="Log" library="BuiltIn">
<arg>This test was executed by %{username} on %{os}</arg>
<doc>Logs the given message with the given level.</doc>
<msg timestamp="20230113 12:30:04.889" level="INFO">This test was executed by ArunimaGu on Windows_NT</msg>
<status status="PASS" starttime="20230113 12:30:04.889" endtime="20230113 12:30:04.889"/>
</kw>
<kw name="Log" library="BuiltIn" type="TEARDOWN">
<arg>test teastdown</arg>
<doc>Logs the given message with the given level.</doc>
<msg timestamp="20230113 12:30:04.891" level="INFO">test teastdown</msg>
<status status="PASS" starttime="20230113 12:30:04.890" endtime="20230113 12:30:04.891"/>
</kw>
<tag>Regression</tag>
<status status="PASS" starttime="20230113 12:29:56.802" endtime="20230113 12:30:04.891"/>
</test>
<kw name="Log" library="BuiltIn" type="TEARDOWN">
<arg>Test suite Teardown</arg>
<doc>Logs the given message with the given level.</doc>
<msg timestamp="20230113 12:30:04.895" level="INFO">Test suite Teardown</msg>
<status status="PASS" starttime="20230113 12:30:04.894" endtime="20230113 12:30:04.895"/>
</kw>
<status status="PASS" starttime="20230113 12:29:56.616" endtime="20230113 12:30:04.895"/>
</suite>
<statistics>
<total>
<stat pass="1" fail="0" skip="0">All Tests</stat>
</total>
<tag>
<stat pass="1" fail="0" skip="0">Regression</stat>
</tag>
<suite>
<stat pass="1" fail="0" skip="0" id="s1" name="testSuite">testSuite</stat>
</suite>
</statistics>
<errors>
</errors>
</robot>
